<?xml version="1.0" encoding="UTF-8"?>
<testsuite xmlns:xsi="http://www.w3.org/2001/XMLSchema-instance" xsi:noNamespaceSchemaLocation="https://maven.apache.org/surefire/maven-surefire-plugin/xsd/surefire-test-report.xsd" name="com.saadkhan.buisness.EmailSenderTest" time="138.732" tests="11" errors="0" skipped="0" failures="0">
  <properties>
[...]
</properties>
  <testcase name="sendInvalidCC" classname="com.saadkhan.buisness.EmailSenderTest" time="2.853"/>
  <testcase name="sendInvalidTo" classname="com.saadkhan.buisness.EmailSenderTest" time="1.514"/>
  <testcase name="sendOnlyHtml" classname="com.saadkhan.buisness.EmailSenderTest" time="17.315"/>
  <testcase name="sendAndReceiveWithAllFields" classname="com.saadkhan.buisness.EmailSenderTest" time="18.063"/>
  <testcase name="sendOnlyAttachments" classname="com.saadkhan.buisness.EmailSenderTest" time="18.015"/>
  <testcase name="sendHtmlNull" classname="com.saadkhan.buisness.EmailSenderTest" time="6.542"/>
  <testcase name="sendOnlyMessage" classname="com.saadkhan.buisness.EmailSenderTest" time="16.062"/>
  <testcase name="sendMessageNull" classname="com.saadkhan.buisness.EmailSenderTest" time="7.286"/>
  <testcase name="sendNullSubject" classname="com.saadkhan.buisness.EmailSenderTest" time="16.941"/>
  <testcase name="sendNothing" classname="com.saadkhan.buisness.EmailSenderTest" time="17.043"/>
  <testcase name="sendOnlyHtmlAndText" classname="com.saadkhan.buisness.EmailSenderTest" time="16.707"/>
</testsuite>