<?xml version="1.0" encoding="UTF-8"?>
<testsuite xmlns:xsi="http://www.w3.org/2001/XMLSchema-instance" xsi:noNamespaceSchemaLocation="https://maven.apache.org/surefire/maven-surefire-plugin/xsd/surefire-test-report.xsd" name="com.saadkhan.persistence.EmailDOATest" time="21.211" tests="22" errors="0" skipped="0" failures="0">
  <properties>
[...]
</properties>
  <testcase name="testCreateFolder" classname="com.saadkhan.persistence.EmailDOATest" time="0.936"/>
  <testcase name="testFindEmailBeanId" classname="com.saadkhan.persistence.EmailDOATest" time="1.258"/>
  <testcase name="testFindAllFolders" classname="com.saadkhan.persistence.EmailDOATest" time="0.785"/>
  <testcase name="testDeleteEmailBean" classname="com.saadkhan.persistence.EmailDOATest" time="0.845"/>
  <testcase name="testCreateDuplicateEmailBean" classname="com.saadkhan.persistence.EmailDOATest" time="1.89"/>
  <testcase name="testDeleteEmailAddressEmail" classname="com.saadkhan.persistence.EmailDOATest" time="0.881"/>
  <testcase name="testCreateEmailAddress" classname="com.saadkhan.persistence.EmailDOATest" time="0.731"/>
  <testcase name="testFindAllFileAttachments" classname="com.saadkhan.persistence.EmailDOATest" time="0.879"/>
  <testcase name="testDeleteEmailAddressId" classname="com.saadkhan.persistence.EmailDOATest" time="0.789"/>
  <testcase name="testUpdateFolder" classname="com.saadkhan.persistence.EmailDOATest" time="0.911"/>
  <testcase name="testFindEmailList" classname="com.saadkhan.persistence.EmailDOATest" time="1.006"/>
  <testcase name="testFindFrom" classname="com.saadkhan.persistence.EmailDOATest" time="0.944"/>
  <testcase name="testDuplicateSameFolder" classname="com.saadkhan.persistence.EmailDOATest" time="0.685"/>
  <testcase name="testFindEmailBeanBean" classname="com.saadkhan.persistence.EmailDOATest" time="1.462"/>
  <testcase name="testCreateEmailBean" classname="com.saadkhan.persistence.EmailDOATest" time="1.073"/>
  <testcase name="testUpdateEmailAddress" classname="com.saadkhan.persistence.EmailDOATest" time="0.943"/>
  <testcase name="testDeleteFolderName" classname="com.saadkhan.persistence.EmailDOATest" time="0.848"/>
  <testcase name="testFindAllEmailsBeans" classname="com.saadkhan.persistence.EmailDOATest" time="1.074"/>
  <testcase name="testDeleteFolderId" classname="com.saadkhan.persistence.EmailDOATest" time="0.761"/>
  <testcase name="testFindFolderID" classname="com.saadkhan.persistence.EmailDOATest" time="0.737"/>
  <testcase name="testFindFolderString" classname="com.saadkhan.persistence.EmailDOATest" time="0.865"/>
  <testcase name="testFindEmailAddress" classname="com.saadkhan.persistence.EmailDOATest" time="0.901"/>
</testsuite>